<?xml version="1.0" encoding="UTF-8"?>
<!-- Generated by org.testng.reporters.JUnitReportReporter -->
<testsuite hostname="LAPTOP-L2OLV82D" failures="0" tests="4" name="com.actitime.qa.testcases.LoginPageTest" time="44.311" errors="0" timestamp="21 Sep 2022 19:23:49 GMT" skipped="0">
  <testcase classname="com.actitime.qa.testcases.LoginPageTest" name="loginPageLogoTest" time="7.091"/>
  <testcase classname="com.actitime.qa.testcases.LoginPageTest" name="invalidLogin" time="8.839"/>
  <testcase classname="com.actitime.qa.testcases.LoginPageTest" name="LoginTest" time="11.753"/>
  <testcase classname="com.actitime.qa.testcases.LoginPageTest" name="LoginTest" time="16.628"/>
</testsuite> <!-- com.actitime.qa.testcases.LoginPageTest -->
