<?xml version="1.0" encoding="UTF-8"?>
<!-- Generated by org.testng.reporters.JUnitReportReporter -->
<testsuite hostname="LAPTOP-L2OLV82D" failures="0" tests="2" name="com.actitime.qa.testcases.ApproveRejectTimeSheetTest" time="35.859" errors="0" timestamp="21 Sep 2022 19:23:49 GMT" skipped="0">
  <testcase classname="com.actitime.qa.testcases.ApproveRejectTimeSheetTest" name="viewTimeTrackPageLoaded" time="16.859"/>
  <testcase classname="com.actitime.qa.testcases.ApproveRejectTimeSheetTest" name="approveTimeTrack" time="19.000"/>
</testsuite> <!-- com.actitime.qa.testcases.ApproveRejectTimeSheetTest -->
