<?xml version="1.0" encoding="UTF-8"?>
<!-- Generated by org.testng.reporters.JUnitReportReporter -->
<testsuite hostname="LAPTOP-L2OLV82D" failures="0" tests="1" name="com.actitime.qa.testcases.ViewEmployeeProfileTest" time="20.513" errors="0" timestamp="21 Sep 2022 19:23:49 GMT" skipped="0">
  <testcase classname="com.actitime.qa.testcases.ViewEmployeeProfileTest" name="userPageLoaded" time="20.513"/>
</testsuite> <!-- com.actitime.qa.testcases.ViewEmployeeProfileTest -->
