<?xml version="1.0" encoding="UTF-8"?>
<!-- Generated by org.testng.reporters.JUnitReportReporter -->
<testsuite hostname="LAPTOP-L2OLV82D" failures="0" tests="3" name="com.actitime.qa.testcases.LogonPageTest" time="19.128" errors="0" timestamp="19 Sep 2022 16:39:52 GMT" skipped="0">
  <testcase classname="com.actitime.qa.testcases.LogonPageTest" name="loginPageLogoTest" time="5.992"/>
  <testcase classname="com.actitime.qa.testcases.LogonPageTest" name="LoginTest" time="7.132"/>
  <testcase classname="com.actitime.qa.testcases.LogonPageTest" name="LoginTest" time="6.004"/>
</testsuite> <!-- com.actitime.qa.testcases.LogonPageTest -->
