<?xml version="1.0" encoding="UTF-8"?>
<!-- Generated by org.testng.reporters.JUnitReportReporter -->
<testsuite hostname="LAPTOP-L2OLV82D" failures="0" tests="2" name="com.actitime.qa.testcases.HomePageTest" time="21.442" errors="0" timestamp="19 Sep 2022 16:39:52 GMT" skipped="0">
  <testcase classname="com.actitime.qa.testcases.HomePageTest" name="homePageLogoTest" time="9.883"/>
  <testcase classname="com.actitime.qa.testcases.HomePageTest" name="homePageTaskLinkTest" time="11.559"/>
</testsuite> <!-- com.actitime.qa.testcases.HomePageTest -->
