<?xml version="1.0" encoding="UTF-8"?>
<!-- Generated by org.testng.reporters.JUnitReportReporter -->
<testsuite hostname="LAPTOP-L2OLV82D" failures="0" tests="3" name="com.actitime.qa.testcases.LoginPageTest" time="40.354" errors="0" timestamp="20 Sep 2022 13:34:48 GMT" skipped="0">
  <testcase classname="com.actitime.qa.testcases.LoginPageTest" name="loginPageLogoTest" time="13.272"/>
  <testcase classname="com.actitime.qa.testcases.LoginPageTest" name="LoginTest" time="10.555"/>
  <testcase classname="com.actitime.qa.testcases.LoginPageTest" name="LoginTest" time="16.527"/>
</testsuite> <!-- com.actitime.qa.testcases.LoginPageTest -->
