<?xml version="1.0" encoding="UTF-8"?>
<!-- Generated by org.testng.reporters.JUnitReportReporter -->
<testsuite hostname="LAPTOP-L2OLV82D" failures="0" tests="4" name="com.actitime.qa.testcases.LoginPageTest" time="39.677" errors="0" timestamp="25 Sep 2022 08:31:42 GMT" skipped="0">
  <testcase classname="com.actitime.qa.testcases.LoginPageTest" name="invalidLogin" time="10.290"/>
  <testcase classname="com.actitime.qa.testcases.LoginPageTest" name="loginPageLogoTest" time="6.924"/>
  <testcase classname="com.actitime.qa.testcases.LoginPageTest" name="LoginTest" time="11.623"/>
  <testcase classname="com.actitime.qa.testcases.LoginPageTest" name="LoginTest" time="10.840"/>
</testsuite> <!-- com.actitime.qa.testcases.LoginPageTest -->
