<?xml version="1.0" encoding="UTF-8"?>
<!-- Generated by org.testng.reporters.JUnitReportReporter -->
<testsuite hostname="LAPTOP-L2OLV82D" failures="0" tests="2" name="com.actitime.qa.testcases.ViewEmployeeProfileTest" time="30.845" errors="0" timestamp="25 Sep 2022 08:31:42 GMT" skipped="0">
  <testcase classname="com.actitime.qa.testcases.ViewEmployeeProfileTest" name="userPageLoaded" time="15.909"/>
  <testcase classname="com.actitime.qa.testcases.ViewEmployeeProfileTest" name="ClickOnUser" time="14.936"/>
</testsuite> <!-- com.actitime.qa.testcases.ViewEmployeeProfileTest -->
