<?xml version="1.0" encoding="UTF-8"?>
<!-- Generated by org.testng.reporters.JUnitReportReporter -->
<testsuite hostname="LAPTOP-L2OLV82D" failures="0" tests="3" name="com.actitime.qa.testcases.LogonPageTest" time="20.250" errors="0" timestamp="19 Sep 2022 16:34:37 GMT" skipped="0">
  <testcase classname="com.actitime.qa.testcases.LogonPageTest" name="loginPageLogoTest" time="6.216"/>
  <testcase classname="com.actitime.qa.testcases.LogonPageTest" name="LoginTest" time="8.381"/>
  <testcase classname="com.actitime.qa.testcases.LogonPageTest" name="LoginTest" time="5.653"/>
</testsuite> <!-- com.actitime.qa.testcases.LogonPageTest -->
