<?xml version="1.0" encoding="UTF-8"?>
<!-- Generated by org.testng.reporters.JUnitReportReporter -->
<testsuite hostname="LAPTOP-L2OLV82D" failures="0" tests="1" name="com.actitime.qa.testcases.HomePageTest" time="12.140" errors="0" timestamp="25 Sep 2022 08:31:42 GMT" skipped="0">
  <testcase classname="com.actitime.qa.testcases.HomePageTest" name="homePageLogoTest" time="12.140"/>
</testsuite> <!-- com.actitime.qa.testcases.HomePageTest -->
